<?xml version="1.0" encoding="UTF-8"?>
<!-- Generated by org.testng.reporters.JUnitXMLReporter -->
<testsuite ignored="0" hostname="DESKTOP-UVVSPQO" failures="1" tests="5" name="morning test tag" time="0.116" errors="0" timestamp="2022-04-27T15:40:04 IST">
  <testcase classname="TestDiscussion.DependsOnMethodsKeyword" name="loginTest" time="0.014">
    <failure type="java.lang.AssertionError" message="testcase failing delibrately">
      <![CDATA[java.lang.AssertionError: testcase failing delibrately
at TestDiscussion.DependsOnMethodsKeyword.loginTest(DependsOnMethodsKeyword.java:14)
at java.base/java.util.ArrayList.forEach(ArrayList.java:1511)
... Removed 28 stack frames]]>
    </failure>
  </testcase> <!-- loginTest -->
  <testcase classname="TestDiscussion.DependsOnMethodsKeyword" name="homepage" time="0.0">
    <skipped/>
  </testcase> <!-- homepage -->
  <testcase classname="TestDiscussion.DependsOnMethodsKeyword" name="logout" time="0.0">
    <skipped/>
  </testcase> <!-- logout -->
  <testcase classname="TestDiscussion.DependsOnMethodsKeyword2" name="profie" time="0.0">
    <skipped/>
  </testcase> <!-- profie -->
  <testcase classname="TestDiscussion.DependsOnMethodsKeyword2" name="logout" time="0.002"/>
</testsuite> <!-- morning test tag -->
