<?xml version="1.0" encoding="UTF-8"?>
<!-- Generated by org.testng.reporters.JUnitXMLReporter -->
<testsuite ignored="0" hostname="DESKTOP-UVVSPQO" failures="2" tests="5" name="Listener test" time="0.128" errors="0" timestamp="2022-05-01T15:04:21 IST">
  <testcase classname="TestDiscussion.TestNGTestClassForListner" name="login" time="0.018">
    <failure type="java.lang.AssertionError" message="expected [true] but found [false]">
      <![CDATA[java.lang.AssertionError: expected [true] but found [false]
at TestDiscussion.TestNGTestClassForListner.login(TestNGTestClassForListner.java:13)
at java.base/java.util.ArrayList.forEach(ArrayList.java:1511)
... Removed 31 stack frames]]>
    </failure>
  </testcase> <!-- login -->
  <testcase classname="TestDiscussion.TestNGTestClassForListner" name="dashBoard" time="0.002"/>
  <testcase classname="TestDiscussion.TestNGTestClassForListner" name="logout" time="0.004">
    <failure type="java.lang.AssertionError" message="expected [true] but found [false]">
      <![CDATA[java.lang.AssertionError: expected [true] but found [false]
at TestDiscussion.TestNGTestClassForListner.logout(TestNGTestClassForListner.java:39)
at java.base/java.util.ArrayList.forEach(ArrayList.java:1511)
... Removed 33 stack frames]]>
    </failure>
  </testcase> <!-- logout -->
  <testcase classname="TestDiscussion.TestNGTestClassForListner" name="profile" time="0.011"/>
  <testcase classname="TestDiscussion.TestNGTestClassForListner" name="home" time="0.0">
    <skipped/>
  </testcase> <!-- home -->
</testsuite> <!-- Listener test -->
