<?xml version="1.0" encoding="UTF-8"?>
<!-- Generated by org.testng.reporters.JUnitXMLReporter -->
<testsuite ignored="0" hostname="DESKTOP-UVVSPQO" failures="0" tests="4" name="Test" time="0.086" errors="0" timestamp="2022-05-04T13:26:29 IST">
  <testcase classname="testngparallelexecution.ParallelTestClass1" name="dashbord" time="0.016"/>
  <testcase classname="testngparallelexecution.ParallelTestClass2" name="logout" time="0.016"/>
  <testcase classname="testngparallelexecution.ParallelTestClass2" name="profile" time="0.002"/>
  <testcase classname="testngparallelexecution.ParallelTestClass1" name="login" time="0.003"/>
</testsuite> <!-- Test -->
